<?xml version="1.0" encoding="UTF-8"?>
<!-- Generated by org.testng.reporters.JUnitReportReporter -->
<testsuite hostname="WIN-P8C555ISTU6" failures="0" tests="1" name="testclasses.VerifyUserCanLogin" time="1.873" errors="0" timestamp="2022-10-11T15:19:09 IST" skipped="0">
  <testcase classname="testclasses.VerifyUserCanLogin" name="VerifyUserCanLogIn" time="1.873"/>
  <system-out/>
</testsuite> <!-- testclasses.VerifyUserCanLogin -->
