<?xml version="1.0" encoding="UTF-8"?>
<!-- Generated by org.testng.reporters.JUnitReportReporter -->
<testsuite hostname="WIN-P8C555ISTU6" failures="0" tests="4" name="testclasses.VerifyUserCanAddAddress" time="12.344" errors="0" timestamp="2022-10-12T11:51:10 IST" skipped="0">
  <testcase classname="testclasses.VerifyUserCanAddAddress" name="verifyUserCanSeeProfilePage" time="10.421"/>
  <system-out/>
  <testcase classname="testclasses.VerifyUserCanAddAddress" name="addAddresses" time="0.893"/>
  <system-out/>
  <testcase classname="testclasses.VerifyUserCanAddAddress" name="addAddresses" time="0.931"/>
  <system-out/>
  <testcase classname="testclasses.VerifyUserCanAddAddress" name="addAddress" time="0.099"/>
  <system-out/>
</testsuite> <!-- testclasses.VerifyUserCanAddAddress -->
