<?xml version="1.0" encoding="UTF-8"?>
<!-- Generated by org.testng.reporters.JUnitReportReporter -->
<testsuite hostname="WIN-P8C555ISTU6" failures="0" tests="2" name="testclasses.VerifyUserCanGetLowestPrice" time="8.812" errors="0" timestamp="2022-10-11T15:19:10 IST" skipped="0">
  <testcase classname="testclasses.VerifyUserCanGetLowestPrice" name="VerifyUserCanSearchProduct" time="1.202"/>
  <system-out/>
  <testcase classname="testclasses.VerifyUserCanGetLowestPrice" name="VerifyUserCanGetLowestprice" time="7.610"/>
  <system-out/>
</testsuite> <!-- testclasses.VerifyUserCanGetLowestPrice -->
